manifest-merger-debug-report.txt
-- Merging decision tree log ---
manifest
ADDED from src\main\AndroidManifest.xml:1:1-40:12
INJECTED from src\main\AndroidManifest.xml:1:1-40:12
INJECTED from src\main\AndroidManifest.xml:1:1-40:12
INJECTED from src\main\AndroidManifest.xml:1:1-40:12
MERGED from [androidx.navigation:navigation-common:2.7.4] AndroidManifest.xml:17:1-22:12
MERGED from [androidx.navigation:navigation-runtime:2.7.4] AndroidManifest.xml:17:1-22:12
MERGED from [androidx.navigation:navigation-common-ktx:2.7.4] AndroidManifest.xml:2:1-7:12
MERGED from [androidx.navigation:navigation-runtime-ktx:2.7.4] AndroidManifest.xml:2:1-7:12
MERGED from [androidx.navigation:navigation-compose:2.7.4] AndroidManifest.xml:2:1-7:12
MERGED from [androidx.activity:activity:1.8.2] AndroidManifest.xml:17:1-22:12
MERGED from [androidx.activity:activity-ktx:1.8.2] AndroidManifest.xml:2:1-7:12
MERGED from [androidx.compose.material3:material3-android:1.2.1] AndroidManifest.xml:17:1-22:12
MERGED from [androidx.activity:activity-compose:1.8.2] AndroidManifest.xml:2:1-7:12
MERGED from [com.google.firebase:firebase-auth-ktx:22.3.0] AndroidManifest.xml:2:1-17:12
MERGED from [com.google.firebase:firebase-auth:22.3.0] AndroidManifest.xml:17:1-75:12
MERGED from [com.google.firebase:firebase-analytics-ktx:21.5.0] AndroidManifest.xml:2:1-17:12
MERGED from [com.google.firebase:firebase-database-ktx:20.3.0] AndroidManifest.xml:2:1-18:12
MERGED from [com.google.firebase:firebase-firestore-ktx:24.10.0] AndroidManifest.xml:2:1-18:12
MERGED from [com.google.firebase:firebase-messaging-ktx:23.4.0] AndroidManifest.xml:17:1-32:12
MERGED from [com.google.firebase:firebase-database:20.3.0] AndroidManifest.xml:15:1-38:12
MERGED from [com.google.firebase:firebase-firestore:24.10.0] AndroidManifest.xml:2:1-26:12
MERGED from [com.google.firebase:firebase-messaging:23.4.0] AndroidManifest.xml:17:1-66:12
MERGED from [com.google.firebase:firebase-analytics:21.5.0] AndroidManifest.xml:2:1-9:12
MERGED from [com.google.android.gms:play-services-measurement-api:21.5.0] AndroidManifest.xml:17:1-43:12
MERGED from [com.google.firebase:firebase-installations:17.2.0] AndroidManifest.xml:2:1-24:12
MERGED from [com.google.firebase:firebase-common-ktx:20.4.2] AndroidManifest.xml:2:1-18:12
MERGED from [com.google.firebase:firebase-auth-interop:20.0.0] AndroidManifest.xml:2:1-10:12
MERGED from [com.google.firebase:firebase-common:20.4.2] AndroidManifest.xml:15:1-41:12
MERGED from [com.google.android.gms:play-services-measurement:21.5.0] AndroidManifest.xml:17:1-46:12
MERGED from [com.google.android.gms:play-services-measurement-sdk:21.5.0] AndroidManifest.xml:17:1-25:12
MERGED from [androidx.compose.animation:animation-core-android:1.6.3] AndroidManifest.xml:2:1-7:12
MERGED from [androidx.compose.material:material-ripple-android:1.6.3] AndroidManifest.xml:2:1-7:12
MERGED from [androidx.compose.animation:animation-android:1.6.3] AndroidManifest.xml:2:1-7:12
MERGED from [androidx.compose.foundation:foundation-layout-android:1.6.3] AndroidManifest.xml:2:1-7:12
MERGED from [androidx.compose.foundation:foundation-android:1.6.3] AndroidManifest.xml:2:1-7:12
MERGED from [androidx.compose.ui:ui-unit-android:1.6.3] AndroidManifest.xml:2:1-7:12
MERGED from [androidx.compose.ui:ui-geometry-android:1.6.3] AndroidManifest.xml:2:1-7:12
MERGED from [androidx.compose.ui:ui-util-android:1.6.3] AndroidManifest.xml:2:1-7:12
MERGED from [androidx.compose.ui:ui-text-android:1.6.3] AndroidManifest.xml:2:1-7:12
MERGED from [androidx.compose.ui:ui-tooling-preview-android:1.6.3] AndroidManifest.xml:17:1-22:12
MERGED from [androidx.compose.ui:ui-graphics-android:1.6.3] AndroidManifest.xml:2:1-7:12
MERGED from [androidx.compose.runtime:runtime-saveable-android:1.6.3] AndroidManifest.xml:2:1-7:12
MERGED from [androidx.compose.runtime:runtime-android:1.6.3] AndroidManifest.xml:2:1-7:12
MERGED from [com.google.android.recaptcha:recaptcha:18.1.2] AndroidManifest.xml:2:1-10:12
MERGED from [com.google.android.gms:play-services-measurement-impl:21.5.0] AndroidManifest.xml:17:1-32:12
MERGED from [androidx.privacysandbox.ads:ads-adservices-java:1.0.0-beta05] AndroidManifest.xml:2:1-7:12
MERGED from [androidx.privacysandbox.ads:ads-adservices:1.0.0-beta05] AndroidManifest.xml:17:1-28:12
MERGED from [com.google.firebase:firebase-appcheck-interop:17.1.0] AndroidManifest.xml:15:1-23:12
MERGED from [com.google.firebase:firebase-database-collection:18.0.1] AndroidManifest.xml:2:1-9:12
MERGED from [com.google.android.gms:play-services-auth-api-phone:17.4.0] AndroidManifest.xml:2:1-7:12
MERGED from [com.google.android.gms:play-services-base:18.1.0] AndroidManifest.xml:16:1-24:12
MERGED from [com.google.android.play:integrity:1.1.0] AndroidManifest.xml:2:1-7:12
MERGED from [com.google.firebase:firebase-iid-interop:17.1.0] AndroidManifest.xml:2:1-10:12
MERGED from [com.google.android.gms:play-services-cloud-messaging:17.1.0] AndroidManifest.xml:2:1-13:12
MERGED from [com.google.firebase:firebase-installations-interop:17.1.1] AndroidManifest.xml:15:1-19:12
MERGED from [com.google.android.gms:play-services-tasks:18.0.2] AndroidManifest.xml:2:1-6:12
MERGED from [com.google.android.gms:play-services-stats:17.0.2] AndroidManifest.xml:2:1-9:12
MERGED from [com.google.firebase:firebase-measurement-connector:19.0.0] AndroidManifest.xml:17:1-25:12
MERGED from [com.google.android.gms:play-services-ads-identifier:18.0.0] AndroidManifest.xml:17:1-27:12
MERGED from [com.google.android.gms:play-services-measurement-sdk-api:21.5.0] AndroidManifest.xml:17:1-30:12
MERGED from [com.google.android.gms:play-services-measurement-base:21.5.0] AndroidManifest.xml:2:1-9:12
MERGED from [com.google.android.gms:play-services-basement:18.1.0] AndroidManifest.xml:16:1-26:12
MERGED from [androidx.fragment:fragment:1.0.0] AndroidManifest.xml:17:1-22:12
MERGED from [androidx.legacy:legacy-support-core-ui:1.0.0] AndroidManifest.xml:17:1-22:12
MERGED from [androidx.legacy:legacy-support-core-utils:1.0.0] AndroidManifest.xml:17:1-22:12
MERGED from [androidx.loader:loader:1.0.0] AndroidManifest.xml:17:1-22:12
MERGED from [androidx.emoji2:emoji2:1.3.0] AndroidManifest.xml:17:1-35:12
MERGED from [androidx.lifecycle:lifecycle-process:2.7.0] AndroidManifest.xml:17:1-35:12
MERGED from [androidx.lifecycle:lifecycle-livedata-core-ktx:2.7.0] AndroidManifest.xml:2:1-7:12
MERGED from [androidx.lifecycle:lifecycle-livedata:2.7.0] AndroidManifest.xml:17:1-22:12
MERGED from [androidx.lifecycle:lifecycle-livedata-core:2.7.0] AndroidManifest.xml:17:1-22:12
MERGED from [androidx.savedstate:savedstate-ktx:1.2.1] AndroidManifest.xml:17:1-22:12
MERGED from [androidx.savedstate:savedstate:1.2.1] AndroidManifest.xml:17:1-22:12
MERGED from [androidx.lifecycle:lifecycle-viewmodel-savedstate:2.7.0] AndroidManifest.xml:17:1-22:12
MERGED from [androidx.lifecycle:lifecycle-viewmodel-ktx:2.7.0] AndroidManifest.xml:2:1-7:12
MERGED from [androidx.lifecycle:lifecycle-viewmodel:2.7.0] AndroidManifest.xml:17:1-22:12
MERGED from [androidx.lifecycle:lifecycle-runtime:2.7.0] AndroidManifest.xml:2:1-7:12
MERGED from [androidx.lifecycle:lifecycle-runtime-ktx:2.7.0] AndroidManifest.xml:17:1-22:12
MERGED from [androidx.lifecycle:lifecycle-viewmodel-compose:2.7.0] AndroidManifest.xml:2:1-7:12
MERGED from [androidx.compose.material:material-icons-extended-android:1.7.3] AndroidManifest.xml:2:1-7:12
MERGED from [androidx.compose.material:material-icons-core-android:1.7.3] AndroidManifest.xml:2:1-7:12
MERGED from [androidx.compose.ui:ui-android:1.6.3] AndroidManifest.xml:2:1-7:12
MERGED from [androidx.browser:browser:1.4.0] AndroidManifest.xml:17:1-24:12
MERGED from [androidx.autofill:autofill:1.0.0] AndroidManifest.xml:17:1-24:12
MERGED from [androidx.viewpager:viewpager:1.0.0] AndroidManifest.xml:17:1-22:12
MERGED from [androidx.coordinatorlayout:coordinatorlayout:1.0.0] AndroidManifest.xml:17:1-22:12
MERGED from [androidx.drawerlayout:drawerlayout:1.0.0] AndroidManifest.xml:17:1-22:12
MERGED from [androidx.slidingpanelayout:slidingpanelayout:1.0.0] AndroidManifest.xml:17:1-22:12
MERGED from [androidx.customview:customview:1.0.0] AndroidManifest.xml:17:1-22:12
MERGED from [androidx.swiperefreshlayout:swiperefreshlayout:1.0.0] AndroidManifest.xml:17:1-22:12
MERGED from [androidx.asynclayoutinflater:asynclayoutinflater:1.0.0] AndroidManifest.xml:17:1-22:12
MERGED from [androidx.core:core:1.12.0] AndroidManifest.xml:17:1-30:12
MERGED from [androidx.customview:customview-poolingcontainer:1.0.0] AndroidManifest.xml:17:1-23:12
MERGED from [androidx.core:core-ktx:1.12.0] AndroidManifest.xml:2:1-7:12
MERGED from [androidx.annotation:annotation-experimental:1.4.0] AndroidManifest.xml:2:1-7:12
MERGED from [androidx.versionedparcelable:versionedparcelable:1.1.1] AndroidManifest.xml:17:1-27:12
MERGED from [com.google.firebase:firebase-components:17.1.5] AndroidManifest.xml:15:1-20:12
MERGED from [androidx.interpolator:interpolator:1.0.0] AndroidManifest.xml:17:1-22:12
MERGED from [androidx.arch.core:core-runtime:2.2.0] AndroidManifest.xml:17:1-22:12
MERGED from [androidx.profileinstaller:profileinstaller:1.3.0] AndroidManifest.xml:17:1-55:12
MERGED from [androidx.localbroadcastmanager:localbroadcastmanager:1.0.0] AndroidManifest.xml:17:1-22:12
MERGED from [com.google.firebase:firebase-datatransport:18.1.7] AndroidManifest.xml:15:1-33:12
MERGED from [com.google.android.datatransport:transport-backend-cct:3.1.8] AndroidManifest.xml:15:1-37:12
MERGED from [com.google.android.datatransport:transport-runtime:3.1.8] AndroidManifest.xml:15:1-41:12
MERGED from [com.google.android.datatransport:transport-api:3.1.0] AndroidManifest.xml:15:1-20:12
MERGED from [com.google.firebase:firebase-encoders-json:18.0.0] AndroidManifest.xml:15:1-23:12
MERGED from [androidx.startup:startup-runtime:1.1.1] AndroidManifest.xml:17:1-33:12
MERGED from [androidx.tracing:tracing:1.0.0] AndroidManifest.xml:17:1-24:12
MERGED from [androidx.documentfile:documentfile:1.0.0] AndroidManifest.xml:17:1-22:12
MERGED from [androidx.print:print:1.0.0] AndroidManifest.xml:17:1-22:12
MERGED from [androidx.cursoradapter:cursoradapter:1.0.0] AndroidManifest.xml:17:1-22:12
MERGED from [org.osmdroid:osmdroid-android:6.1.10] AndroidManifest.xml:2:1-29:12
MERGED from [io.grpc:grpc-android:1.52.1] AndroidManifest.xml:2:1-11:12
MERGED from [com.google.firebase:protolite-well-known-types:18.0.0] AndroidManifest.xml:2:1-11:12
	package
		INJECTED from src\main\AndroidManifest.xml
	android:versionName
		INJECTED from src\main\AndroidManifest.xml
	android:versionCode
		INJECTED from src\main\AndroidManifest.xml
	xmlns:android
		ADDED from src\main\AndroidManifest.xml:1:11-69
uses-permission#android.permission.INTERNET
ADDED from src\main\AndroidManifest.xml:4:5-67
MERGED from [com.google.firebase:firebase-auth:22.3.0] AndroidManifest.xml:25:5-67
MERGED from [com.google.firebase:firebase-auth:22.3.0] AndroidManifest.xml:25:5-67
MERGED from [com.google.firebase:firebase-database:20.3.0] AndroidManifest.xml:23:5-67
MERGED from [com.google.firebase:firebase-database:20.3.0] AndroidManifest.xml:23:5-67
MERGED from [com.google.firebase:firebase-firestore:24.10.0] AndroidManifest.xml:11:5-67
MERGED from [com.google.firebase:firebase-firestore:24.10.0] AndroidManifest.xml:11:5-67
MERGED from [com.google.android.gms:play-services-measurement-api:21.5.0] AndroidManifest.xml:22:5-67
MERGED from [com.google.android.gms:play-services-measurement-api:21.5.0] AndroidManifest.xml:22:5-67
MERGED from [com.google.firebase:firebase-installations:17.2.0] AndroidManifest.xml:8:5-67
MERGED from [com.google.firebase:firebase-installations:17.2.0] AndroidManifest.xml:8:5-67
MERGED from [com.google.android.gms:play-services-measurement:21.5.0] AndroidManifest.xml:23:5-67
MERGED from [com.google.android.gms:play-services-measurement:21.5.0] AndroidManifest.xml:23:5-67
MERGED from [com.google.android.recaptcha:recaptcha:18.1.2] AndroidManifest.xml:7:5-67
MERGED from [com.google.android.recaptcha:recaptcha:18.1.2] AndroidManifest.xml:7:5-67
MERGED from [com.google.android.gms:play-services-measurement-impl:21.5.0] AndroidManifest.xml:23:5-67
MERGED from [com.google.android.gms:play-services-measurement-impl:21.5.0] AndroidManifest.xml:23:5-67
MERGED from [com.google.android.gms:play-services-cloud-messaging:17.1.0] AndroidManifest.xml:8:5-67
MERGED from [com.google.android.gms:play-services-cloud-messaging:17.1.0] AndroidManifest.xml:8:5-67
MERGED from [com.google.android.gms:play-services-measurement-sdk-api:21.5.0] AndroidManifest.xml:23:5-67
MERGED from [com.google.android.gms:play-services-measurement-sdk-api:21.5.0] AndroidManifest.xml:23:5-67
MERGED from [com.google.android.datatransport:transport-backend-cct:3.1.8] AndroidManifest.xml:25:5-67
MERGED from [com.google.android.datatransport:transport-backend-cct:3.1.8] AndroidManifest.xml:25:5-67
	android:name
		ADDED from src\main\AndroidManifest.xml:4:22-64
uses-permission#android.permission.ACCESS_NETWORK_STATE
ADDED from src\main\AndroidManifest.xml:5:5-79
MERGED from [com.google.firebase:firebase-auth:22.3.0] AndroidManifest.xml:26:5-79
MERGED from [com.google.firebase:firebase-auth:22.3.0] AndroidManifest.xml:26:5-79
MERGED from [com.google.firebase:firebase-database:20.3.0] AndroidManifest.xml:22:5-79
MERGED from [com.google.firebase:firebase-database:20.3.0] AndroidManifest.xml:22:5-79
MERGED from [com.google.firebase:firebase-firestore:24.10.0] AndroidManifest.xml:10:5-79
MERGED from [com.google.firebase:firebase-firestore:24.10.0] AndroidManifest.xml:10:5-79
MERGED from [com.google.firebase:firebase-messaging:23.4.0] AndroidManifest.xml:22:5-79
MERGED from [com.google.firebase:firebase-messaging:23.4.0] AndroidManifest.xml:22:5-79
MERGED from [com.google.android.gms:play-services-measurement-api:21.5.0] AndroidManifest.xml:23:5-79
MERGED from [com.google.android.gms:play-services-measurement-api:21.5.0] AndroidManifest.xml:23:5-79
MERGED from [com.google.firebase:firebase-installations:17.2.0] AndroidManifest.xml:7:5-79
MERGED from [com.google.firebase:firebase-installations:17.2.0] AndroidManifest.xml:7:5-79
MERGED from [com.google.android.gms:play-services-measurement:21.5.0] AndroidManifest.xml:24:5-79
MERGED from [com.google.android.gms:play-services-measurement:21.5.0] AndroidManifest.xml:24:5-79
MERGED from [com.google.android.recaptcha:recaptcha:18.1.2] AndroidManifest.xml:8:5-79
MERGED from [com.google.android.recaptcha:recaptcha:18.1.2] AndroidManifest.xml:8:5-79
MERGED from [com.google.android.gms:play-services-measurement-impl:21.5.0] AndroidManifest.xml:24:5-79
MERGED from [com.google.android.gms:play-services-measurement-impl:21.5.0] AndroidManifest.xml:24:5-79
MERGED from [com.google.android.gms:play-services-cloud-messaging:17.1.0] AndroidManifest.xml:7:5-79
MERGED from [com.google.android.gms:play-services-cloud-messaging:17.1.0] AndroidManifest.xml:7:5-79
MERGED from [com.google.android.gms:play-services-measurement-sdk-api:21.5.0] AndroidManifest.xml:24:5-79
MERGED from [com.google.android.gms:play-services-measurement-sdk-api:21.5.0] AndroidManifest.xml:24:5-79
MERGED from [com.google.android.datatransport:transport-backend-cct:3.1.8] AndroidManifest.xml:24:5-79
MERGED from [com.google.android.datatransport:transport-backend-cct:3.1.8] AndroidManifest.xml:24:5-79
MERGED from [com.google.android.datatransport:transport-runtime:3.1.8] AndroidManifest.xml:22:5-79
MERGED from [com.google.android.datatransport:transport-runtime:3.1.8] AndroidManifest.xml:22:5-79
MERGED from [io.grpc:grpc-android:1.52.1] AndroidManifest.xml:9:5-79
MERGED from [io.grpc:grpc-android:1.52.1] AndroidManifest.xml:9:5-79
	android:name
		ADDED from src\main\AndroidManifest.xml:5:22-76
uses-permission#android.permission.ACCESS_FINE_LOCATION
ADDED from src\main\AndroidManifest.xml:6:5-79
	android:name
		ADDED from src\main\AndroidManifest.xml:6:22-76
uses-permission#android.permission.ACCESS_COARSE_LOCATION
ADDED from src\main\AndroidManifest.xml:7:5-81
	android:name
		ADDED from src\main\AndroidManifest.xml:7:22-78
application
ADDED from src\main\AndroidManifest.xml:9:5-38:19
INJECTED from src\main\AndroidManifest.xml:9:5-38:19
MERGED from [com.google.firebase:firebase-auth-ktx:22.3.0] AndroidManifest.xml:7:5-15:19
MERGED from [com.google.firebase:firebase-auth-ktx:22.3.0] AndroidManifest.xml:7:5-15:19
MERGED from [com.google.firebase:firebase-auth:22.3.0] AndroidManifest.xml:28:5-73:19
MERGED from [com.google.firebase:firebase-auth:22.3.0] AndroidManifest.xml:28:5-73:19
MERGED from [com.google.firebase:firebase-analytics-ktx:21.5.0] AndroidManifest.xml:7:5-15:19
MERGED from [com.google.firebase:firebase-analytics-ktx:21.5.0] AndroidManifest.xml:7:5-15:19
MERGED from [com.google.firebase:firebase-database-ktx:20.3.0] AndroidManifest.xml:8:5-16:19
MERGED from [com.google.firebase:firebase-database-ktx:20.3.0] AndroidManifest.xml:8:5-16:19
MERGED from [com.google.firebase:firebase-firestore-ktx:24.10.0] AndroidManifest.xml:8:5-16:19
MERGED from [com.google.firebase:firebase-firestore-ktx:24.10.0] AndroidManifest.xml:8:5-16:19
MERGED from [com.google.firebase:firebase-messaging-ktx:23.4.0] AndroidManifest.xml:22:5-30:19
MERGED from [com.google.firebase:firebase-messaging-ktx:23.4.0] AndroidManifest.xml:22:5-30:19
MERGED from [com.google.firebase:firebase-database:20.3.0] AndroidManifest.xml:25:5-36:19
MERGED from [com.google.firebase:firebase-database:20.3.0] AndroidManifest.xml:25:5-36:19
MERGED from [com.google.firebase:firebase-firestore:24.10.0] AndroidManifest.xml:13:5-24:19
MERGED from [com.google.firebase:firebase-firestore:24.10.0] AndroidManifest.xml:13:5-24:19
MERGED from [com.google.firebase:firebase-messaging:23.4.0] AndroidManifest.xml:28:5-64:19
MERGED from [com.google.firebase:firebase-messaging:23.4.0] AndroidManifest.xml:28:5-64:19
MERGED from [com.google.firebase:firebase-analytics:21.5.0] AndroidManifest.xml:7:5-20
MERGED from [com.google.firebase:firebase-analytics:21.5.0] AndroidManifest.xml:7:5-20
MERGED from [com.google.android.gms:play-services-measurement-api:21.5.0] AndroidManifest.xml:29:5-41:19
MERGED from [com.google.android.gms:play-services-measurement-api:21.5.0] AndroidManifest.xml:29:5-41:19
MERGED from [com.google.firebase:firebase-installations:17.2.0] AndroidManifest.xml:11:5-22:19
MERGED from [com.google.firebase:firebase-installations:17.2.0] AndroidManifest.xml:11:5-22:19
MERGED from [com.google.firebase:firebase-common-ktx:20.4.2] AndroidManifest.xml:8:5-16:19
MERGED from [com.google.firebase:firebase-common-ktx:20.4.2] AndroidManifest.xml:8:5-16:19
MERGED from [com.google.firebase:firebase-auth-interop:20.0.0] AndroidManifest.xml:7:5-8:19
MERGED from [com.google.firebase:firebase-auth-interop:20.0.0] AndroidManifest.xml:7:5-8:19
MERGED from [com.google.firebase:firebase-common:20.4.2] AndroidManifest.xml:22:5-39:19
MERGED from [com.google.firebase:firebase-common:20.4.2] AndroidManifest.xml:22:5-39:19
MERGED from [com.google.android.gms:play-services-measurement:21.5.0] AndroidManifest.xml:28:5-44:19
MERGED from [com.google.android.gms:play-services-measurement:21.5.0] AndroidManifest.xml:28:5-44:19
MERGED from [com.google.android.gms:play-services-measurement-sdk:21.5.0] AndroidManifest.xml:22:5-23:19
MERGED from [com.google.android.gms:play-services-measurement-sdk:21.5.0] AndroidManifest.xml:22:5-23:19
MERGED from [com.google.android.gms:play-services-measurement-impl:21.5.0] AndroidManifest.xml:29:5-30:19
MERGED from [com.google.android.gms:play-services-measurement-impl:21.5.0] AndroidManifest.xml:29:5-30:19
MERGED from [androidx.privacysandbox.ads:ads-adservices:1.0.0-beta05] AndroidManifest.xml:22:5-26:19
MERGED from [androidx.privacysandbox.ads:ads-adservices:1.0.0-beta05] AndroidManifest.xml:22:5-26:19
MERGED from [com.google.firebase:firebase-appcheck-interop:17.1.0] AndroidManifest.xml:21:5-20
MERGED from [com.google.firebase:firebase-appcheck-interop:17.1.0] AndroidManifest.xml:21:5-20
MERGED from [com.google.android.gms:play-services-base:18.1.0] AndroidManifest.xml:19:5-23:19
MERGED from [com.google.android.gms:play-services-base:18.1.0] AndroidManifest.xml:19:5-23:19
MERGED from [com.google.android.play:integrity:1.1.0] AndroidManifest.xml:5:5-6:19
MERGED from [com.google.android.play:integrity:1.1.0] AndroidManifest.xml:5:5-6:19
MERGED from [com.google.firebase:firebase-iid-interop:17.1.0] AndroidManifest.xml:7:5-8:19
MERGED from [com.google.firebase:firebase-iid-interop:17.1.0] AndroidManifest.xml:7:5-8:19
MERGED from [com.google.android.gms:play-services-tasks:18.0.2] AndroidManifest.xml:5:5-20
MERGED from [com.google.android.gms:play-services-tasks:18.0.2] AndroidManifest.xml:5:5-20
MERGED from [com.google.android.gms:play-services-stats:17.0.2] AndroidManifest.xml:7:5-20
MERGED from [com.google.android.gms:play-services-stats:17.0.2] AndroidManifest.xml:7:5-20
MERGED from [com.google.firebase:firebase-measurement-connector:19.0.0] AndroidManifest.xml:22:5-23:19
MERGED from [com.google.firebase:firebase-measurement-connector:19.0.0] AndroidManifest.xml:22:5-23:19
MERGED from [com.google.android.gms:play-services-ads-identifier:18.0.0] AndroidManifest.xml:25:5-20
MERGED from [com.google.android.gms:play-services-ads-identifier:18.0.0] AndroidManifest.xml:25:5-20
MERGED from [com.google.android.gms:play-services-measurement-base:21.5.0] AndroidManifest.xml:7:5-20
MERGED from [com.google.android.gms:play-services-measurement-base:21.5.0] AndroidManifest.xml:7:5-20
MERGED from [com.google.android.gms:play-services-basement:18.1.0] AndroidManifest.xml:20:5-24:19
MERGED from [com.google.android.gms:play-services-basement:18.1.0] AndroidManifest.xml:20:5-24:19
MERGED from [androidx.emoji2:emoji2:1.3.0] AndroidManifest.xml:23:5-33:19
MERGED from [androidx.emoji2:emoji2:1.3.0] AndroidManifest.xml:23:5-33:19
MERGED from [androidx.lifecycle:lifecycle-process:2.7.0] AndroidManifest.xml:23:5-33:19
MERGED from [androidx.lifecycle:lifecycle-process:2.7.0] AndroidManifest.xml:23:5-33:19
MERGED from [androidx.core:core:1.12.0] AndroidManifest.xml:28:5-89
MERGED from [androidx.core:core:1.12.0] AndroidManifest.xml:28:5-89
MERGED from [androidx.versionedparcelable:versionedparcelable:1.1.1] AndroidManifest.xml:24:5-25:19
MERGED from [androidx.versionedparcelable:versionedparcelable:1.1.1] AndroidManifest.xml:24:5-25:19
MERGED from [androidx.profileinstaller:profileinstaller:1.3.0] AndroidManifest.xml:23:5-53:19
MERGED from [androidx.profileinstaller:profileinstaller:1.3.0] AndroidManifest.xml:23:5-53:19
MERGED from [com.google.firebase:firebase-datatransport:18.1.7] AndroidManifest.xml:23:5-31:19
MERGED from [com.google.firebase:firebase-datatransport:18.1.7] AndroidManifest.xml:23:5-31:19
MERGED from [com.google.android.datatransport:transport-backend-cct:3.1.8] AndroidManifest.xml:27:5-35:19
MERGED from [com.google.android.datatransport:transport-backend-cct:3.1.8] AndroidManifest.xml:27:5-35:19
MERGED from [com.google.android.datatransport:transport-runtime:3.1.8] AndroidManifest.xml:25:5-39:19
MERGED from [com.google.android.datatransport:transport-runtime:3.1.8] AndroidManifest.xml:25:5-39:19
MERGED from [androidx.startup:startup-runtime:1.1.1] AndroidManifest.xml:25:5-31:19
MERGED from [androidx.startup:startup-runtime:1.1.1] AndroidManifest.xml:25:5-31:19
	android:extractNativeLibs
		INJECTED from src\main\AndroidManifest.xml
	android:appComponentFactory
		ADDED from [androidx.core:core:1.12.0] AndroidManifest.xml:28:18-86
	android:label
		ADDED from src\main\AndroidManifest.xml:13:9-41
	android:icon
		ADDED from src\main\AndroidManifest.xml:12:9-39
	android:allowBackup
		ADDED from src\main\AndroidManifest.xml:11:9-35
	android:theme
		ADDED from src\main\AndroidManifest.xml:14:9-51
	android:usesCleartextTraffic
		ADDED from src\main\AndroidManifest.xml:15:9-44
	android:name
		ADDED from src\main\AndroidManifest.xml:10:9-30
activity#com.example.jalrakshakapp.MainActivity
ADDED from src\main\AndroidManifest.xml:19:9-27:20
	android:exported
		ADDED from src\main\AndroidManifest.xml:21:13-36
	android:theme
		ADDED from src\main\AndroidManifest.xml:22:13-55
	android:name
		ADDED from src\main\AndroidManifest.xml:20:13-41
intent-filter#action:name:android.intent.action.MAIN+category:name:android.intent.category.LAUNCHER
ADDED from src\main\AndroidManifest.xml:23:13-26:29
action#android.intent.action.MAIN
ADDED from src\main\AndroidManifest.xml:24:17-69
	android:name
		ADDED from src\main\AndroidManifest.xml:24:25-66
category#android.intent.category.LAUNCHER
ADDED from src\main\AndroidManifest.xml:25:17-77
	android:name
		ADDED from src\main\AndroidManifest.xml:25:27-74
service#com.example.jalrakshakapp.MyFirebaseMessagingService
ADDED from src\main\AndroidManifest.xml:30:9-36:19
	android:exported
		ADDED from src\main\AndroidManifest.xml:32:13-37
	android:name
		ADDED from src\main\AndroidManifest.xml:31:13-55
intent-filter#action:name:com.google.firebase.MESSAGING_EVENT
ADDED from src\main\AndroidManifest.xml:33:13-35:29
action#com.google.firebase.MESSAGING_EVENT
ADDED from src\main\AndroidManifest.xml:34:17-77
	android:name
		ADDED from src\main\AndroidManifest.xml:34:25-75
uses-sdk
INJECTED from src\main\AndroidManifest.xml reason: use-sdk injection requested
INJECTED from src\main\AndroidManifest.xml
INJECTED from src\main\AndroidManifest.xml
MERGED from [androidx.navigation:navigation-common:2.7.4] AndroidManifest.xml:20:5-44
MERGED from [androidx.navigation:navigation-common:2.7.4] AndroidManifest.xml:20:5-44
MERGED from [androidx.navigation:navigation-runtime:2.7.4] AndroidManifest.xml:20:5-44
MERGED from [androidx.navigation:navigation-runtime:2.7.4] AndroidManifest.xml:20:5-44
MERGED from [androidx.navigation:navigation-common-ktx:2.7.4] AndroidManifest.xml:5:5-44
MERGED from [androidx.navigation:navigation-common-ktx:2.7.4] AndroidManifest.xml:5:5-44
MERGED from [androidx.navigation:navigation-runtime-ktx:2.7.4] AndroidManifest.xml:5:5-44
MERGED from [androidx.navigation:navigation-runtime-ktx:2.7.4] AndroidManifest.xml:5:5-44
MERGED from [androidx.navigation:navigation-compose:2.7.4] AndroidManifest.xml:5:5-44
MERGED from [androidx.navigation:navigation-compose:2.7.4] AndroidManifest.xml:5:5-44
MERGED from [androidx.activity:activity:1.8.2] AndroidManifest.xml:20:5-44
MERGED from [androidx.activity:activity:1.8.2] AndroidManifest.xml:20:5-44
MERGED from [androidx.activity:activity-ktx:1.8.2] AndroidManifest.xml:5:5-44
MERGED from [androidx.activity:activity-ktx:1.8.2] AndroidManifest.xml:5:5-44
MERGED from [androidx.compose.material3:material3-android:1.2.1] AndroidManifest.xml:20:5-44
MERGED from [androidx.compose.material3:material3-android:1.2.1] AndroidManifest.xml:20:5-44
MERGED from [androidx.activity:activity-compose:1.8.2] AndroidManifest.xml:5:5-44
MERGED from [androidx.activity:activity-compose:1.8.2] AndroidManifest.xml:5:5-44
MERGED from [com.google.firebase:firebase-auth-ktx:22.3.0] AndroidManifest.xml:5:5-44
MERGED from [com.google.firebase:firebase-auth-ktx:22.3.0] AndroidManifest.xml:5:5-44
MERGED from [com.google.firebase:firebase-auth:22.3.0] AndroidManifest.xml:21:5-23:64
MERGED from [com.google.firebase:firebase-auth:22.3.0] AndroidManifest.xml:21:5-23:64
MERGED from [com.google.firebase:firebase-analytics-ktx:21.5.0] AndroidManifest.xml:5:5-44
MERGED from [com.google.firebase:firebase-analytics-ktx:21.5.0] AndroidManifest.xml:5:5-44
MERGED from [com.google.firebase:firebase-database-ktx:20.3.0] AndroidManifest.xml:5:5-44
MERGED from [com.google.firebase:firebase-database-ktx:20.3.0] AndroidManifest.xml:5:5-44
MERGED from [com.google.firebase:firebase-firestore-ktx:24.10.0] AndroidManifest.xml:5:5-44
MERGED from [com.google.firebase:firebase-firestore-ktx:24.10.0] AndroidManifest.xml:5:5-44
MERGED from [com.google.firebase:firebase-messaging-ktx:23.4.0] AndroidManifest.xml:20:5-44
MERGED from [com.google.firebase:firebase-messaging-ktx:23.4.0] AndroidManifest.xml:20:5-44
MERGED from [com.google.firebase:firebase-database:20.3.0] AndroidManifest.xml:18:5-44
MERGED from [com.google.firebase:firebase-database:20.3.0] AndroidManifest.xml:18:5-44
MERGED from [com.google.firebase:firebase-firestore:24.10.0] AndroidManifest.xml:6:5-44
MERGED from [com.google.firebase:firebase-firestore:24.10.0] AndroidManifest.xml:6:5-44
MERGED from [com.google.firebase:firebase-messaging:23.4.0] AndroidManifest.xml:20:5-44
MERGED from [com.google.firebase:firebase-messaging:23.4.0] AndroidManifest.xml:20:5-44
MERGED from [com.google.firebase:firebase-analytics:21.5.0] AndroidManifest.xml:5:5-44
MERGED from [com.google.firebase:firebase-analytics:21.5.0] AndroidManifest.xml:5:5-44
MERGED from [com.google.android.gms:play-services-measurement-api:21.5.0] AndroidManifest.xml:20:5-44
MERGED from [com.google.android.gms:play-services-measurement-api:21.5.0] AndroidManifest.xml:20:5-44
MERGED from [com.google.firebase:firebase-installations:17.2.0] AndroidManifest.xml:5:5-44
MERGED from [com.google.firebase:firebase-installations:17.2.0] AndroidManifest.xml:5:5-44
MERGED from [com.google.firebase:firebase-common-ktx:20.4.2] AndroidManifest.xml:5:5-44
MERGED from [com.google.firebase:firebase-common-ktx:20.4.2] AndroidManifest.xml:5:5-44
MERGED from [com.google.firebase:firebase-auth-interop:20.0.0] AndroidManifest.xml:5:5-44
MERGED from [com.google.firebase:firebase-auth-interop:20.0.0] AndroidManifest.xml:5:5-44
MERGED from [com.google.firebase:firebase-common:20.4.2] AndroidManifest.xml:19:5-44
MERGED from [com.google.firebase:firebase-common:20.4.2] AndroidManifest.xml:19:5-44
MERGED from [com.google.android.gms:play-services-measurement:21.5.0] AndroidManifest.xml:20:5-44
MERGED from [com.google.android.gms:play-services-measurement:21.5.0] AndroidManifest.xml:20:5-44
MERGED from [com.google.android.gms:play-services-measurement-sdk:21.5.0] AndroidManifest.xml:20:5-44
MERGED from [com.google.android.gms:play-services-measurement-sdk:21.5.0] AndroidManifest.xml:20:5-44
MERGED from [androidx.compose.animation:animation-core-android:1.6.3] AndroidManifest.xml:5:5-44